<?xml version="1.0" encoding="UTF-8"?>
<!-- Generated by org.testng.reporters.JUnitXMLReporter -->
<testsuite hostname="LAPTOP-QMK202VJ" name="Test" tests="1" failures="1" timestamp="26 Nov 2020 10:33:31 GMT" time="25.966" errors="0">
  <testcase name="LoginPageOne" time="3.45" classname="TestCases.LoginPageFunctionality">
    <failure type="java.lang.AssertionError" message="Password not entered">
      <![CDATA[java.lang.AssertionError: Password not entered
	at PageObjects.LoginPage.setLoginCredentials(LoginPage.java:105)
	at TestCases.LoginPageFunctionality.LoginPageOne(LoginPageFunctionality.java:28)
Caused by: org.openqa.selenium.WebDriverException: unknown error: Element <input type="button" class="btn button sign-in-submit pretty-button js-sign-in-submit tangerine standard" value="Sign In"> is not clickable at point (758, 576). Other element would receive the click: <div class="toast-content">...</div>
  (Session info: chrome=87.0.4280.66)
  (Driver info: chromedriver=2.40.565498 (ea082db3280dd6843ebfb08a625e3eb905c4f5ab),platform=Windows NT 10.0.19041 x86_64) (WARNING: The server did not provide any stacktrace information)
Command duration or timeout: 66 milliseconds
Build info: version: '3.4.0', revision: 'unknown', time: 'unknown'
System info: host: 'LAPTOP-QMK202VJ', ip: '192.168.43.73', os.name: 'Windows 10', os.arch: 'amd64', os.version: '10.0', java.version: '1.8.0_65'
Driver info: org.openqa.selenium.chrome.ChromeDriver
Capabilities [{applicationCacheEnabled=false, rotatable=false, mobileEmulationEnabled=false, networkConnectionEnabled=false, chrome={chromedriverVersion=2.40.565498 (ea082db3280dd6843ebfb08a625e3eb905c4f5ab), userDataDir=C:\Users\RUSH14~1\AppData\Local\Temp\scoped_dir13732_31508}, takesHeapSnapshot=true, pageLoadStrategy=normal, databaseEnabled=false, handlesAlerts=true, hasTouchScreen=false, version=87.0.4280.66, platform=XP, browserConnectionEnabled=false, nativeEvents=true, acceptSslCerts=false, acceptInsecureCerts=false, locationContextEnabled=true, webStorageEnabled=true, browserName=chrome, takesScreenshot=true, javascriptEnabled=true, cssSelectorsEnabled=true, setWindowRect=true, unexpectedAlertBehaviour=}]
Session ID: 944560d4157b2ed98586b6905fc29dd0
	at org.openqa.selenium.remote.ErrorHandler.createThrowable(ErrorHandler.java:215)
	at org.openqa.selenium.remote.ErrorHandler.throwIfResponseFailed(ErrorHandler.java:167)
	at org.openqa.selenium.remote.RemoteWebDriver.execute(RemoteWebDriver.java:671)
	at org.openqa.selenium.remote.RemoteWebElement.execute(RemoteWebElement.java:272)
	at org.openqa.selenium.remote.RemoteWebElement.click(RemoteWebElement.java:82)
	at org.openqa.selenium.support.pagefactory.internal.LocatingElementHandler.invoke(LocatingElementHandler.java:51)
	at com.sun.proxy.$Proxy7.click(Unknown Source)
	at PageObjects.LoginPage.setLoginCredentials(LoginPage.java:102)
	... 25 more
... Removed 32 stack frames]]>
    </failure>
  </testcase> <!-- LoginPageOne -->
</testsuite> <!-- Test -->
